yarn run v1.22.10
yarn run v1.22.10
$ lite-server -c ci/bs-eid-config.js
$ lite-server -c ci/bs-demo-config.js
** browser-sync config **
{
  injectChanges: false,
  files: [ './src/**/*.{html,css,js}' ],
  watchOptions: { ignored: 'node_modules' },
  server: {
    baseDir: '/Volumes/mWork/EWork/did_work/leech-ifr/src/signin',
    middleware: [ [Function (anonymous)], [Function (anonymous)] ]
  },
  port: 26489,
  browser: [ 'chrome' ],
  open: true
}
[HPM] Proxy created: /api  -> http://39.99.198.143:60998
** browser-sync config **
{
  injectChanges: false,
  files: [ './src/**/*.{html,css,js}' ],
  watchOptions: { ignored: 'node_modules' },
  server: {
    baseDir: '/Volumes/mWork/EWork/did_work/leech-ifr/src/eidqr',
    middleware: [ [Function (anonymous)], [Function (anonymous)], [Function] ]
  },
  port: 28964,
  browser: [ 'chrome' ],
  open: false
}
[Browsersync] Access URLs:
 ---------------------------------------
       Local: http://localhost:28964
    External: http://192.168.1.102:28964
 ---------------------------------------
          UI: http://localhost:3001
[Browsersync] Access URLs:
 ---------------------------------------
       Local: http://localhost:26489
    External: http://192.168.1.102:26489
 UI External: http://localhost:3001
 ---------------------------------------
          UI: http://localhost:3001
 ---------------------------------------
 UI External: http://localhost:3001
 ---------------------------------------
[Browsersync] Serving files from: /Volumes/mWork/EWork/did_work/leech-ifr/src/eidqr
[Browsersync] Watching files...
[Browsersync] Serving files from: /Volumes/mWork/EWork/did_work/leech-ifr/src/signin
[Browsersync] Watching files...
events.js:292
      throw er; // Unhandled 'error' event
      ^

Error: listen EADDRINUSE: address already in use :::3001
    at Server.setupListenHandle [as _listen2] (net.js:1314:16)
    at listenInCluster (net.js:1362:12)
    at Server.listen (net.js:1448:7)
    at Object.startServer [as fn] (/Volumes/mWork/EWork/did_work/leech-ifr/node_modules/browser-sync-ui/lib/async.js:123:39)
    at /Volumes/mWork/EWork/did_work/leech-ifr/node_modules/browser-sync-ui/lib/UI.js:184:14
    at iterate (/Volumes/mWork/EWork/did_work/leech-ifr/node_modules/async-each-series/index.js:8:5)
    at /Volumes/mWork/EWork/did_work/leech-ifr/node_modules/async-each-series/index.js:16:16
    at /Volumes/mWork/EWork/did_work/leech-ifr/node_modules/browser-sync-ui/lib/UI.js:192:13
    at Object.setUrlOptions [as fn] (/Volumes/mWork/EWork/did_work/leech-ifr/node_modules/browser-sync-ui/lib/async.js:76:9)
    at /Volumes/mWork/EWork/did_work/leech-ifr/node_modules/browser-sync-ui/lib/UI.js:184:14
Emitted 'error' event on Server instance at:
    at emitErrorNT (net.js:1341:8)
    at processTicksAndRejections (internal/process/task_queues.js:84:21) {
  code: 'EADDRINUSE',
  errno: -48,
  syscall: 'listen',
  address: '::',
  port: 3001
}
error Command failed with exit code 1.
info Visit https://yarnpkg.com/en/docs/cli/run for documentation about this command.
yarn run v1.22.10
yarn run v1.22.10
$ lite-server -c ci/bs-demo-config.js
$ lite-server -c ci/bs-eid-config.js
** browser-sync config **
{
  injectChanges: false,
  files: [ './src/**/*.{html,css,js}' ],
  watchOptions: { ignored: 'node_modules' },
  server: {
    baseDir: '/Volumes/mWork/EWork/did_work/leech-ifr/src/signin',
    middleware: [ [Function (anonymous)], [Function (anonymous)] ]
  },
  port: 26489,
  browser: [ 'chrome' ],
  open: true
}
[HPM] Proxy created: /api  -> http://39.99.198.143:60998
** browser-sync config **
{
  injectChanges: false,
  files: [ './src/**/*.{html,css,js}' ],
  watchOptions: { ignored: 'node_modules' },
  server: {
    baseDir: '/Volumes/mWork/EWork/did_work/leech-ifr/src/eidqr',
    middleware: [ [Function (anonymous)], [Function (anonymous)], [Function] ]
  },
  port: 28964,
  browser: [ 'chrome' ],
  open: false
}
[Browsersync] Access URLs:
 ---------------------------------------
       Local: http://localhost:26489
    External: http://192.168.1.102:26489
 ---------------------------------------
          UI: http://localhost:3002
 UI External: http://localhost:3002
 ---------------------------------------
[Browsersync] Serving files from: /Volumes/mWork/EWork/did_work/leech-ifr/src/signin
[Browsersync] Watching files...
[Browsersync] Access URLs:
 ---------------------------------------
       Local: http://localhost:28965
    External: http://192.168.1.102:28965
 ---------------------------------------
          UI: http://localhost:3003
 UI External: http://localhost:3003
 ---------------------------------------
[Browsersync] Serving files from: /Volumes/mWork/EWork/did_work/leech-ifr/src/eidqr
[Browsersync] Watching files...
[Browsersync] Couldn't open browser (if you are using BrowserSync in a headless environment, you might want to set the open option to false)
[90m21.04.16 09:22:24[0m [32m200[0m [35mGET[0m [90m/index.html[0m
[90m21.04.16 09:22:24[0m [32m200[0m [35mGET[0m [90m/js/site-main.js[0m
[90m21.04.16 09:22:24[0m [32m200[0m [35mGET[0m [90m/css/main.css[0m
[90m21.04.16 09:22:24[0m [32m200[0m [35mGET[0m [90m/vendors/easyeid/easyEID.min.js[0m
[90m21.04.16 09:22:24[0m [32m200[0m [35mGET[0m [90m/vendors/jquery.min.js[0m
[90m21.04.16 09:22:25[0m [36m304[0m [35mGET[0m [90m/qrcode.html[0m
[90m21.04.16 09:22:25[0m [36m304[0m [35mGET[0m [90m/css/qrcode_main.css[0m
[90m21.04.16 09:22:25[0m [36m304[0m [35mGET[0m [90m/vendors/jquery.min.js[0m
[90m21.04.16 09:22:25[0m [36m304[0m [35mGET[0m [90m/vendors/qrcode.min.js[0m
[90m21.04.16 09:22:25[0m [36m304[0m [35mGET[0m [90m/js/bs_adapter.js[0m
[90m21.04.16 09:22:25[0m [36m304[0m [35mGET[0m [90m/vendors/axios.min.js[0m
[90m21.04.16 09:22:25[0m [36m304[0m [35mGET[0m [90m/vendors/easyeid/easyEID.min.js[0m
[90m21.04.16 09:22:25[0m [36m304[0m [35mGET[0m [90m/js/eidifr-core.js[0m
[90m21.04.16 09:22:25[0m [32m200[0m [35mGET[0m [90m/api/auth[0m
[90m21.04.16 09:22:25[0m [32m200[0m [35mGET[0m [90m/favicon.ico[0m
[90m21.04.16 09:22:28[0m [32m200[0m [35mPOST[0m [90m/api/check[0m
[90m21.04.16 09:22:31[0m [32m200[0m [35mPOST[0m [90m/api/check[0m
[90m21.04.16 09:22:31[0m [32m200[0m [35mGET[0m [90m/api/auth[0m
[90m21.04.16 09:22:32[0m [32m200[0m [35mGET[0m [90m/api/auth[0m
[90m21.04.16 09:22:32[0m [32m200[0m [35mGET[0m [90m/api/auth[0m
[90m21.04.16 09:22:33[0m [32m200[0m [35mGET[0m [90m/api/auth[0m
[90m21.04.16 09:22:33[0m [32m200[0m [35mGET[0m [90m/api/auth[0m
[90m21.04.16 09:22:33[0m [32m200[0m [35mGET[0m [90m/api/auth[0m
[90m21.04.16 09:22:33[0m [32m200[0m [35mGET[0m [90m/api/auth[0m
[90m21.04.16 09:22:36[0m [32m200[0m [35mPOST[0m [90m/api/check[0m
[90m21.04.16 09:22:38[0m [32m200[0m [35mPOST[0m [90m/api/check[0m
[90m21.04.16 09:22:40[0m [32m200[0m [35mGET[0m [90m/api/auth[0m
[90m21.04.16 09:22:43[0m [32m200[0m [35mPOST[0m [90m/api/check[0m
[90m21.04.16 09:22:46[0m [32m200[0m [35mPOST[0m [90m/api/check[0m
[90m21.04.16 09:22:48[0m [32m200[0m [35mPOST[0m [90m/api/check[0m
[90m21.04.16 09:22:51[0m [32m200[0m [35mPOST[0m [90m/api/check[0m
[90m21.04.16 09:22:53[0m [32m200[0m [35mPOST[0m [90m/api/check[0m
[90m21.04.16 09:22:56[0m [32m200[0m [35mPOST[0m [90m/api/check[0m
[90m21.04.16 09:22:58[0m [32m200[0m [35mPOST[0m [90m/api/check[0m
[90m21.04.16 09:23:01[0m [32m200[0m [35mPOST[0m [90m/api/check[0m
[90m21.04.16 09:23:03[0m [32m200[0m [35mPOST[0m [90m/api/check[0m
[90m21.04.16 09:23:06[0m [32m200[0m [35mPOST[0m [90m/api/check[0m
[90m21.04.16 09:23:08[0m [32m200[0m [35mPOST[0m [90m/api/check[0m
[90m21.04.16 09:23:11[0m [32m200[0m [35mPOST[0m [90m/api/check[0m
[90m21.04.16 09:23:13[0m [32m200[0m [35mPOST[0m [90m/api/check[0m
[90m21.04.16 09:23:16[0m [32m200[0m [35mPOST[0m [90m/api/check[0m
[90m21.04.16 09:23:18[0m [32m200[0m [35mPOST[0m [90m/api/check[0m
[90m21.04.16 09:23:21[0m [32m200[0m [35mPOST[0m [90m/api/check[0m
[90m21.04.16 09:23:23[0m [32m200[0m [35mPOST[0m [90m/api/check[0m
[90m21.04.16 09:23:26[0m [32m200[0m [35mPOST[0m [90m/api/check[0m
[90m21.04.16 09:23:28[0m [32m200[0m [35mPOST[0m [90m/api/check[0m
[90m21.04.16 09:23:31[0m [32m200[0m [35mPOST[0m [90m/api/check[0m
[90m21.04.16 09:23:33[0m [32m200[0m [35mPOST[0m [90m/api/check[0m
[90m21.04.16 09:23:36[0m [32m200[0m [35mPOST[0m [90m/api/check[0m
[90m21.04.16 09:23:38[0m [32m200[0m [35mPOST[0m [90m/api/check[0m
[90m21.04.16 09:23:40[0m [32m200[0m [35mPOST[0m [90m/api/check[0m
[90m21.04.16 09:23:43[0m [32m200[0m [35mPOST[0m [90m/api/check[0m
[90m21.04.16 09:23:45[0m [32m200[0m [35mPOST[0m [90m/api/check[0m
[90m21.04.16 09:23:48[0m [32m200[0m [35mPOST[0m [90m/api/check[0m
[90m21.04.16 09:23:50[0m [32m200[0m [35mPOST[0m [90m/api/check[0m
[90m21.04.16 09:23:53[0m [32m200[0m [35mPOST[0m [90m/api/check[0m
[90m21.04.16 09:23:55[0m [32m200[0m [35mPOST[0m [90m/api/check[0m
[90m21.04.16 09:23:59[0m [32m200[0m [35mPOST[0m [90m/api/check[0m
[90m21.04.16 09:24:00[0m [32m200[0m [35mPOST[0m [90m/api/check[0m
[90m21.04.16 09:24:03[0m [32m200[0m [35mPOST[0m [90m/api/check[0m
[90m21.04.16 09:24:05[0m [32m200[0m [35mPOST[0m [90m/api/check[0m
[90m21.04.16 09:24:08[0m [32m200[0m [35mPOST[0m [90m/api/check[0m
[90m21.04.16 09:24:10[0m [32m200[0m [35mPOST[0m [90m/api/check[0m
[90m21.04.16 09:24:13[0m [32m200[0m [35mPOST[0m [90m/api/check[0m
[90m21.04.16 09:24:16[0m [32m200[0m [35mPOST[0m [90m/api/check[0m
[90m21.04.16 09:24:18[0m [32m200[0m [35mPOST[0m [90m/api/check[0m
[90m21.04.16 09:24:21[0m [32m200[0m [35mPOST[0m [90m/api/check[0m
[90m21.04.16 09:24:23[0m [32m200[0m [35mPOST[0m [90m/api/check[0m
[90m21.04.16 09:24:26[0m [32m200[0m [35mPOST[0m [90m/api/check[0m
[90m21.04.16 09:24:28[0m [32m200[0m [35mPOST[0m [90m/api/check[0m
[90m21.04.16 09:24:31[0m [32m200[0m [35mPOST[0m [90m/api/check[0m
[90m21.04.16 09:24:33[0m [32m200[0m [35mPOST[0m [90m/api/check[0m
[90m21.04.16 09:24:36[0m [32m200[0m [35mPOST[0m [90m/api/check[0m
[90m21.04.16 09:24:38[0m [32m200[0m [35mPOST[0m [90m/api/check[0m
[90m21.04.16 09:24:41[0m [32m200[0m [35mPOST[0m [90m/api/check[0m
[90m21.04.16 09:24:43[0m [32m200[0m [35mPOST[0m [90m/api/check[0m
[90m21.04.16 09:24:46[0m [32m200[0m [35mPOST[0m [90m/api/check[0m
[90m21.04.16 09:24:48[0m [32m200[0m [35mPOST[0m [90m/api/check[0m
[90m21.04.16 09:24:51[0m [32m200[0m [35mPOST[0m [90m/api/check[0m
[90m21.04.16 09:24:53[0m [32m200[0m [35mPOST[0m [90m/api/check[0m
[90m21.04.16 09:24:56[0m [32m200[0m [35mPOST[0m [90m/api/check[0m
[90m21.04.16 09:24:58[0m [32m200[0m [35mPOST[0m [90m/api/check[0m
[90m21.04.16 09:25:01[0m [32m200[0m [35mPOST[0m [90m/api/check[0m
[90m21.04.16 09:25:03[0m [32m200[0m [35mPOST[0m [90m/api/check[0m
[90m21.04.16 09:25:06[0m [32m200[0m [35mPOST[0m [90m/api/check[0m
[90m21.04.16 09:25:08[0m [32m200[0m [35mPOST[0m [90m/api/check[0m
[90m21.04.16 09:25:11[0m [32m200[0m [35mPOST[0m [90m/api/check[0m
[90m21.04.16 09:25:13[0m [32m200[0m [35mPOST[0m [90m/api/check[0m
[90m21.04.16 09:25:16[0m [32m200[0m [35mPOST[0m [90m/api/check[0m
[90m21.04.16 09:25:18[0m [32m200[0m [35mPOST[0m [90m/api/check[0m
[90m21.04.16 09:25:21[0m [32m200[0m [35mPOST[0m [90m/api/check[0m
[90m21.04.16 09:25:23[0m [32m200[0m [35mPOST[0m [90m/api/check[0m
[90m21.04.16 09:25:26[0m [32m200[0m [35mPOST[0m [90m/api/check[0m
[90m21.04.16 09:25:28[0m [32m200[0m [35mPOST[0m [90m/api/check[0m
[90m21.04.16 09:25:30[0m [36m304[0m [35mGET[0m [90m/index.html[0m
[90m21.04.16 09:25:30[0m [36m304[0m [35mGET[0m [90m/vendors/jquery.min.js[0m
[90m21.04.16 09:25:30[0m [36m304[0m [35mGET[0m [90m/css/main.css[0m
[90m21.04.16 09:25:30[0m [36m304[0m [35mGET[0m [90m/vendors/easyeid/easyEID.min.js[0m
[90m21.04.16 09:25:30[0m [36m304[0m [35mGET[0m [90m/js/site-main.js[0m
[90m21.04.16 09:25:30[0m [36m304[0m [35mGET[0m [90m/qrcode.html[0m
[90m21.04.16 09:25:30[0m [36m304[0m [35mGET[0m [90m/css/qrcode_main.css[0m
[90m21.04.16 09:25:30[0m [36m304[0m [35mGET[0m [90m/vendors/jquery.min.js[0m
[90m21.04.16 09:25:30[0m [36m304[0m [35mGET[0m [90m/js/bs_adapter.js[0m
[90m21.04.16 09:25:30[0m [36m304[0m [35mGET[0m [90m/vendors/axios.min.js[0m
[90m21.04.16 09:25:30[0m [36m304[0m [35mGET[0m [90m/vendors/qrcode.min.js[0m
[90m21.04.16 09:25:30[0m [36m304[0m [35mGET[0m [90m/vendors/easyeid/easyEID.min.js[0m
[90m21.04.16 09:25:30[0m [36m304[0m [35mGET[0m [90m/js/eidifr-core.js[0m
[90m21.04.16 09:25:31[0m [32m200[0m [35mGET[0m [90m/api/auth[0m
[90m21.04.16 09:25:31[0m [32m200[0m [35mGET[0m [90m/favicon.ico[0m
[90m21.04.16 09:25:33[0m [36m304[0m [35mGET[0m [90m/index.html[0m
[90m21.04.16 09:25:33[0m [36m304[0m [35mGET[0m [90m/vendors/jquery.min.js[0m
[90m21.04.16 09:25:33[0m [36m304[0m [35mGET[0m [90m/css/main.css[0m
[90m21.04.16 09:25:33[0m [36m304[0m [35mGET[0m [90m/vendors/easyeid/easyEID.min.js[0m
[90m21.04.16 09:25:33[0m [36m304[0m [35mGET[0m [90m/js/site-main.js[0m
[90m21.04.16 09:25:33[0m [36m304[0m [35mGET[0m [90m/qrcode.html[0m
[90m21.04.16 09:25:33[0m [36m304[0m [35mGET[0m [90m/css/qrcode_main.css[0m
[90m21.04.16 09:25:33[0m [36m304[0m [35mGET[0m [90m/vendors/jquery.min.js[0m
[90m21.04.16 09:25:33[0m [36m304[0m [35mGET[0m [90m/js/bs_adapter.js[0m
[90m21.04.16 09:25:33[0m [36m304[0m [35mGET[0m [90m/vendors/axios.min.js[0m
[90m21.04.16 09:25:33[0m [36m304[0m [35mGET[0m [90m/vendors/qrcode.min.js[0m
[90m21.04.16 09:25:33[0m [36m304[0m [35mGET[0m [90m/vendors/easyeid/easyEID.min.js[0m
[90m21.04.16 09:25:33[0m [36m304[0m [35mGET[0m [90m/js/eidifr-core.js[0m
[90m21.04.16 09:25:33[0m [32m200[0m [35mGET[0m [90m/api/auth[0m
[90m21.04.16 09:25:34[0m [32m200[0m [35mGET[0m [90m/favicon.ico[0m
[90m21.04.16 09:25:36[0m [32m200[0m [35mPOST[0m [90m/api/check[0m
[90m21.04.16 09:25:39[0m [32m200[0m [35mPOST[0m [90m/api/check[0m
[90m21.04.16 09:25:41[0m [32m200[0m [35mPOST[0m [90m/api/check[0m
[90m21.04.16 09:25:44[0m [32m200[0m [35mPOST[0m [90m/api/check[0m
[90m21.04.16 09:25:46[0m [32m200[0m [35mPOST[0m [90m/api/check[0m
[90m21.04.16 09:25:49[0m [32m200[0m [35mPOST[0m [90m/api/check[0m
[90m21.04.16 09:25:51[0m [32m200[0m [35mPOST[0m [90m/api/check[0m
[90m21.04.16 09:25:54[0m [32m200[0m [35mPOST[0m [90m/api/check[0m
[90m21.04.16 09:25:57[0m [32m200[0m [35mPOST[0m [90m/api/check[0m
[90m21.04.16 09:25:59[0m [32m200[0m [35mPOST[0m [90m/api/check[0m
[90m21.04.16 09:26:02[0m [32m200[0m [35mPOST[0m [90m/api/check[0m
[90m21.04.16 09:26:04[0m [32m200[0m [35mPOST[0m [90m/api/check[0m
[90m21.04.16 09:26:07[0m [32m200[0m [35mPOST[0m [90m/api/check[0m
[90m21.04.16 09:26:09[0m [32m200[0m [35mPOST[0m [90m/api/check[0m
[90m21.04.16 09:26:12[0m [32m200[0m [35mPOST[0m [90m/api/check[0m
[90m21.04.16 09:26:14[0m [32m200[0m [35mPOST[0m [90m/api/check[0m
[90m21.04.16 09:26:17[0m [32m200[0m [35mPOST[0m [90m/api/check[0m
[90m21.04.16 09:26:19[0m [32m200[0m [35mPOST[0m [90m/api/check[0m
[90m21.04.16 09:26:22[0m [32m200[0m [35mPOST[0m [90m/api/check[0m
[90m21.04.16 09:26:24[0m [32m200[0m [35mPOST[0m [90m/api/check[0m
[90m21.04.16 09:26:27[0m [32m200[0m [35mPOST[0m [90m/api/check[0m
[90m21.04.16 09:26:29[0m [32m200[0m [35mPOST[0m [90m/api/check[0m
[90m21.04.16 09:26:32[0m [32m200[0m [35mPOST[0m [90m/api/check[0m
[90m21.04.16 09:26:34[0m [32m200[0m [35mPOST[0m [90m/api/check[0m
[90m21.04.16 09:26:36[0m [32m200[0m [35mPOST[0m [90m/api/check[0m
[90m21.04.16 09:26:39[0m [32m200[0m [35mPOST[0m [90m/api/check[0m
[90m21.04.16 09:26:42[0m [32m200[0m [35mPOST[0m [90m/api/check[0m
[90m21.04.16 09:26:44[0m [32m200[0m [35mPOST[0m [90m/api/check[0m
[90m21.04.16 09:26:46[0m [32m200[0m [35mPOST[0m [90m/api/check[0m
[90m21.04.16 09:26:49[0m [32m200[0m [35mPOST[0m [90m/api/check[0m
[90m21.04.16 09:26:51[0m [32m200[0m [35mPOST[0m [90m/api/check[0m
[90m21.04.16 09:26:54[0m [32m200[0m [35mPOST[0m [90m/api/check[0m
[90m21.04.16 09:26:57[0m [32m200[0m [35mPOST[0m [90m/api/check[0m
[90m21.04.16 09:26:59[0m [32m200[0m [35mPOST[0m [90m/api/check[0m
[90m21.04.16 09:27:02[0m [32m200[0m [35mPOST[0m [90m/api/check[0m
[90m21.04.16 09:27:04[0m [32m200[0m [35mPOST[0m [90m/api/check[0m
[90m21.04.16 09:27:06[0m [32m200[0m [35mPOST[0m [90m/api/check[0m
[90m21.04.16 09:27:09[0m [32m200[0m [35mPOST[0m [90m/api/check[0m
[90m21.04.16 09:27:12[0m [32m200[0m [35mPOST[0m [90m/api/check[0m
[90m21.04.16 09:27:14[0m [32m200[0m [35mPOST[0m [90m/api/check[0m
[90m21.04.16 09:27:17[0m [32m200[0m [35mPOST[0m [90m/api/check[0m
[90m21.04.16 09:27:19[0m [32m200[0m [35mPOST[0m [90m/api/check[0m
[90m21.04.16 09:27:22[0m [32m200[0m [35mPOST[0m [90m/api/check[0m
[90m21.04.16 09:27:24[0m [32m200[0m [35mPOST[0m [90m/api/check[0m
[90m21.04.16 09:27:26[0m [32m200[0m [35mPOST[0m [90m/api/check[0m
[90m21.04.16 09:27:29[0m [32m200[0m [35mPOST[0m [90m/api/check[0m
[90m21.04.16 09:27:32[0m [32m200[0m [35mPOST[0m [90m/api/check[0m
[90m21.04.16 09:27:34[0m [32m200[0m [35mPOST[0m [90m/api/check[0m
[90m21.04.16 09:27:38[0m [32m200[0m [35mPOST[0m [90m/api/check[0m
[90m21.04.16 09:27:39[0m [32m200[0m [35mPOST[0m [90m/api/check[0m
[90m21.04.16 09:27:41[0m [32m200[0m [35mPOST[0m [90m/api/check[0m
[90m21.04.16 09:27:44[0m [32m200[0m [35mPOST[0m [90m/api/check[0m
[90m21.04.16 09:27:47[0m [32m200[0m [35mPOST[0m [90m/api/check[0m
[90m21.04.16 09:27:49[0m [32m200[0m [35mPOST[0m [90m/api/check[0m
[90m21.04.16 09:27:51[0m [32m200[0m [35mPOST[0m [90m/api/check[0m
[90m21.04.16 09:27:54[0m [32m200[0m [35mPOST[0m [90m/api/check[0m
[90m21.04.16 09:27:57[0m [32m200[0m [35mPOST[0m [90m/api/check[0m
[90m21.04.16 09:27:59[0m [32m200[0m [35mPOST[0m [90m/api/check[0m
[90m21.04.16 09:28:02[0m [32m200[0m [35mPOST[0m [90m/api/check[0m
[90m21.04.16 09:28:04[0m [32m200[0m [35mPOST[0m [90m/api/check[0m
[90m21.04.16 09:28:06[0m [32m200[0m [35mPOST[0m [90m/api/check[0m
[90m21.04.16 09:28:09[0m [32m200[0m [35mPOST[0m [90m/api/check[0m
[90m21.04.16 09:28:12[0m [32m200[0m [35mPOST[0m [90m/api/check[0m
[90m21.04.16 09:28:14[0m [32m200[0m [35mPOST[0m [90m/api/check[0m
[90m21.04.16 09:28:17[0m [32m200[0m [35mPOST[0m [90m/api/check[0m
[90m21.04.16 09:28:19[0m [32m200[0m [35mPOST[0m [90m/api/check[0m
[90m21.04.16 09:28:22[0m [32m200[0m [35mPOST[0m [90m/api/check[0m
[90m21.04.16 09:28:24[0m [32m200[0m [35mPOST[0m [90m/api/check[0m
[90m21.04.16 09:28:27[0m [32m200[0m [35mPOST[0m [90m/api/check[0m
[90m21.04.16 09:28:29[0m [32m200[0m [35mPOST[0m [90m/api/check[0m
[90m21.04.16 09:28:32[0m [32m200[0m [35mPOST[0m [90m/api/check[0m
[90m21.04.16 09:28:34[0m [32m200[0m [35mPOST[0m [90m/api/check[0m
[90m21.04.16 09:28:36[0m [32m200[0m [35mPOST[0m [90m/api/check[0m
[90m21.04.16 09:28:39[0m [32m200[0m [35mPOST[0m [90m/api/check[0m
[90m21.04.16 09:28:42[0m [32m200[0m [35mPOST[0m [90m/api/check[0m
[90m21.04.16 09:28:44[0m [32m200[0m [35mPOST[0m [90m/api/check[0m
[90m21.04.16 09:28:47[0m [32m200[0m [35mPOST[0m [90m/api/check[0m
[90m21.04.16 09:28:49[0m [32m200[0m [35mPOST[0m [90m/api/check[0m
[90m21.04.16 09:28:52[0m [32m200[0m [35mPOST[0m [90m/api/check[0m
[90m21.04.16 09:28:54[0m [32m200[0m [35mPOST[0m [90m/api/check[0m
[90m21.04.16 09:28:57[0m [32m200[0m [35mPOST[0m [90m/api/check[0m
[90m21.04.16 09:28:59[0m [32m200[0m [35mPOST[0m [90m/api/check[0m
[90m21.04.16 09:29:01[0m [32m200[0m [35mPOST[0m [90m/api/check[0m
[90m21.04.16 09:29:04[0m [32m200[0m [35mPOST[0m [90m/api/check[0m
[90m21.04.16 09:29:06[0m [32m200[0m [35mPOST[0m [90m/api/check[0m
[90m21.04.16 09:29:09[0m [32m200[0m [35mPOST[0m [90m/api/check[0m
[90m21.04.16 09:29:12[0m [32m200[0m [35mPOST[0m [90m/api/check[0m
[90m21.04.16 09:29:14[0m [32m200[0m [35mPOST[0m [90m/api/check[0m
[90m21.04.16 09:29:16[0m [32m200[0m [35mPOST[0m [90m/api/check[0m
[90m21.04.16 09:29:19[0m [32m200[0m [35mPOST[0m [90m/api/check[0m
[90m21.04.16 09:29:22[0m [32m200[0m [35mPOST[0m [90m/api/check[0m
[90m21.04.16 09:29:24[0m [32m200[0m [35mPOST[0m [90m/api/check[0m
[90m21.04.16 09:29:27[0m [32m200[0m [35mPOST[0m [90m/api/check[0m
[90m21.04.16 09:29:29[0m [32m200[0m [35mPOST[0m [90m/api/check[0m
[90m21.04.16 09:29:32[0m [32m200[0m [35mPOST[0m [90m/api/check[0m
[90m21.04.16 09:29:34[0m [32m200[0m [35mPOST[0m [90m/api/check[0m
[90m21.04.16 09:29:36[0m [32m200[0m [35mPOST[0m [90m/api/check[0m
[90m21.04.16 09:29:39[0m [32m200[0m [35mPOST[0m [90m/api/check[0m
[90m21.04.16 09:29:42[0m [32m200[0m [35mPOST[0m [90m/api/check[0m
[90m21.04.16 09:29:44[0m [32m200[0m [35mPOST[0m [90m/api/check[0m
[90m21.04.16 09:29:46[0m [32m200[0m [35mPOST[0m [90m/api/check[0m
[90m21.04.16 09:29:49[0m [32m200[0m [35mPOST[0m [90m/api/check[0m
[90m21.04.16 09:29:52[0m [32m200[0m [35mPOST[0m [90m/api/check[0m
[90m21.04.16 09:29:54[0m [32m200[0m [35mPOST[0m [90m/api/check[0m
[90m21.04.16 09:29:56[0m [32m200[0m [35mPOST[0m [90m/api/check[0m
[90m21.04.16 09:29:59[0m [32m200[0m [35mPOST[0m [90m/api/check[0m
[90m21.04.16 09:30:01[0m [32m200[0m [35mPOST[0m [90m/api/check[0m
[90m21.04.16 09:30:04[0m [32m200[0m [35mPOST[0m [90m/api/check[0m
[90m21.04.16 09:30:06[0m [32m200[0m [35mPOST[0m [90m/api/check[0m
[90m21.04.16 09:30:09[0m [32m200[0m [35mPOST[0m [90m/api/check[0m
[90m21.04.16 09:30:12[0m [32m200[0m [35mPOST[0m [90m/api/check[0m
[90m21.04.16 09:30:14[0m [32m200[0m [35mPOST[0m [90m/api/check[0m
[90m21.04.16 09:30:17[0m [32m200[0m [35mPOST[0m [90m/api/check[0m
[90m21.04.16 09:30:19[0m [32m200[0m [35mPOST[0m [90m/api/check[0m
[90m21.04.16 09:30:21[0m [32m200[0m [35mPOST[0m [90m/api/check[0m
[90m21.04.16 09:30:24[0m [32m200[0m [35mPOST[0m [90m/api/check[0m
[90m21.04.16 09:30:27[0m [32m200[0m [35mPOST[0m [90m/api/check[0m
[90m21.04.16 09:30:29[0m [32m200[0m [35mPOST[0m [90m/api/check[0m
[90m21.04.16 09:30:31[0m [32m200[0m [35mPOST[0m [90m/api/check[0m
[90m21.04.16 09:32:55[0m [36m304[0m [35mGET[0m [90m/index.html[0m
[90m21.04.16 09:32:55[0m [36m304[0m [35mGET[0m [90m/css/main.css[0m
[90m21.04.16 09:32:55[0m [36m304[0m [35mGET[0m [90m/vendors/easyeid/easyEID.min.js[0m
[90m21.04.16 09:32:55[0m [36m304[0m [35mGET[0m [90m/js/site-main.js[0m
[90m21.04.16 09:32:55[0m [36m304[0m [35mGET[0m [90m/vendors/jquery.min.js[0m
[90m21.04.16 09:32:55[0m [36m304[0m [35mGET[0m [90m/qrcode.html[0m
[90m21.04.16 09:32:55[0m [36m304[0m [35mGET[0m [90m/css/qrcode_main.css[0m
[90m21.04.16 09:32:55[0m [36m304[0m [35mGET[0m [90m/vendors/jquery.min.js[0m
[90m21.04.16 09:32:55[0m [36m304[0m [35mGET[0m [90m/js/bs_adapter.js[0m
[90m21.04.16 09:32:55[0m [36m304[0m [35mGET[0m [90m/vendors/axios.min.js[0m
[90m21.04.16 09:32:55[0m [36m304[0m [35mGET[0m [90m/vendors/qrcode.min.js[0m
[90m21.04.16 09:32:55[0m [36m304[0m [35mGET[0m [90m/vendors/easyeid/easyEID.min.js[0m
[90m21.04.16 09:32:55[0m [36m304[0m [35mGET[0m [90m/js/eidifr-core.js[0m
[90m21.04.16 09:32:55[0m [32m200[0m [35mGET[0m [90m/api/auth[0m
[90m21.04.16 09:32:55[0m [32m200[0m [35mGET[0m [90m/favicon.ico[0m
[90m21.04.16 09:32:58[0m [32m200[0m [35mPOST[0m [90m/api/check[0m
[90m21.04.16 09:33:00[0m [32m200[0m [35mPOST[0m [90m/api/check[0m
[90m21.04.16 09:33:03[0m [32m200[0m [35mPOST[0m [90m/api/check[0m
[90m21.04.16 09:33:06[0m [32m200[0m [35mPOST[0m [90m/api/check[0m
[90m21.04.16 09:33:08[0m [32m200[0m [35mPOST[0m [90m/api/check[0m
[90m21.04.16 09:33:10[0m [32m200[0m [35mPOST[0m [90m/api/check[0m
[90m21.04.16 09:33:13[0m [32m200[0m [35mPOST[0m [90m/api/check[0m
[90m21.04.16 09:33:16[0m [32m200[0m [35mPOST[0m [90m/api/check[0m
[90m21.04.16 09:33:18[0m [32m200[0m [35mPOST[0m [90m/api/check[0m
[90m21.04.16 09:33:21[0m [32m200[0m [35mPOST[0m [90m/api/check[0m
[90m21.04.16 09:33:23[0m [32m200[0m [35mPOST[0m [90m/api/check[0m
[90m21.04.16 09:33:26[0m [32m200[0m [35mPOST[0m [90m/api/check[0m
[90m21.04.16 09:33:28[0m [32m200[0m [35mPOST[0m [90m/api/check[0m
[90m21.04.16 09:33:31[0m [32m200[0m [35mPOST[0m [90m/api/check[0m
[90m21.04.16 09:33:33[0m [32m200[0m [35mPOST[0m [90m/api/check[0m
[90m21.04.16 09:33:36[0m [32m200[0m [35mPOST[0m [90m/api/check[0m
[90m21.04.16 09:33:38[0m [32m200[0m [35mPOST[0m [90m/api/check[0m
[90m21.04.16 09:33:41[0m [32m200[0m [35mPOST[0m [90m/api/check[0m
[90m21.04.16 09:33:43[0m [32m200[0m [35mPOST[0m [90m/api/check[0m
[90m21.04.16 09:33:46[0m [32m200[0m [35mPOST[0m [90m/api/check[0m
[90m21.04.16 09:33:48[0m [32m200[0m [35mPOST[0m [90m/api/check[0m
[90m21.04.16 09:33:51[0m [32m200[0m [35mPOST[0m [90m/api/check[0m
[90m21.04.16 09:33:53[0m [32m200[0m [35mPOST[0m [90m/api/check[0m
[90m21.04.16 09:33:56[0m [32m200[0m [35mPOST[0m [90m/api/check[0m
[90m21.04.16 09:33:58[0m [32m200[0m [35mPOST[0m [90m/api/check[0m
[90m21.04.16 09:34:01[0m [32m200[0m [35mPOST[0m [90m/api/check[0m
[90m21.04.16 09:34:03[0m [32m200[0m [35mPOST[0m [90m/api/check[0m
[90m21.04.16 09:34:06[0m [32m200[0m [35mPOST[0m [90m/api/check[0m
[90m21.04.16 09:34:08[0m [32m200[0m [35mPOST[0m [90m/api/check[0m
[90m21.04.16 09:34:11[0m [32m200[0m [35mPOST[0m [90m/api/check[0m
[90m21.04.16 09:34:13[0m [32m200[0m [35mPOST[0m [90m/api/check[0m
[90m21.04.16 09:34:16[0m [32m200[0m [35mPOST[0m [90m/api/check[0m
[90m21.04.16 09:34:18[0m [32m200[0m [35mPOST[0m [90m/api/check[0m
[90m21.04.16 09:34:20[0m [32m200[0m [35mPOST[0m [90m/api/check[0m
[90m21.04.16 09:34:23[0m [32m200[0m [35mPOST[0m [90m/api/check[0m
[90m21.04.16 09:34:26[0m [32m200[0m [35mPOST[0m [90m/api/check[0m
[90m21.04.16 09:34:28[0m [32m200[0m [35mPOST[0m [90m/api/check[0m
[90m21.04.16 09:34:31[0m [32m200[0m [35mPOST[0m [90m/api/check[0m
[90m21.04.16 09:34:33[0m [32m200[0m [35mPOST[0m [90m/api/check[0m
[90m21.04.16 09:34:36[0m [32m200[0m [35mPOST[0m [90m/api/check[0m
[90m21.04.16 09:34:38[0m [32m200[0m [35mPOST[0m [90m/api/check[0m
[90m21.04.16 09:34:41[0m [32m200[0m [35mPOST[0m [90m/api/check[0m
[90m21.04.16 09:34:43[0m [32m200[0m [35mPOST[0m [90m/api/check[0m
[90m21.04.16 09:34:45[0m [32m200[0m [35mPOST[0m [90m/api/check[0m
[90m21.04.16 09:34:48[0m [32m200[0m [35mPOST[0m [90m/api/check[0m
[90m21.04.16 09:34:51[0m [32m200[0m [35mPOST[0m [90m/api/check[0m
[90m21.04.16 09:34:53[0m [32m200[0m [35mPOST[0m [90m/api/check[0m
[90m21.04.16 09:34:56[0m [32m200[0m [35mPOST[0m [90m/api/check[0m
[90m21.04.16 09:34:58[0m [32m200[0m [35mPOST[0m [90m/api/check[0m
[90m21.04.16 09:35:01[0m [32m200[0m [35mPOST[0m [90m/api/check[0m
[90m21.04.16 09:35:03[0m [32m200[0m [35mPOST[0m [90m/api/check[0m
[90m21.04.16 09:35:05[0m [32m200[0m [35mPOST[0m [90m/api/check[0m
[90m21.04.16 09:35:08[0m [32m200[0m [35mPOST[0m [90m/api/check[0m
[90m21.04.16 09:35:11[0m [32m200[0m [35mPOST[0m [90m/api/check[0m
[90m21.04.16 09:35:13[0m [32m200[0m [35mPOST[0m [90m/api/check[0m
[90m21.04.16 09:35:16[0m [32m200[0m [35mPOST[0m [90m/api/check[0m
[90m21.04.16 09:35:18[0m [32m200[0m [35mPOST[0m [90m/api/check[0m
[90m21.04.16 09:35:21[0m [32m200[0m [35mPOST[0m [90m/api/check[0m
[90m21.04.16 09:35:23[0m [32m200[0m [35mPOST[0m [90m/api/check[0m
[90m21.04.16 09:35:26[0m [32m200[0m [35mPOST[0m [90m/api/check[0m
[90m21.04.16 09:35:28[0m [32m200[0m [35mPOST[0m [90m/api/check[0m
[90m21.04.16 09:35:31[0m [32m200[0m [35mPOST[0m [90m/api/check[0m
[90m21.04.16 09:35:33[0m [32m200[0m [35mPOST[0m [90m/api/check[0m
[90m21.04.16 09:35:35[0m [36m304[0m [35mGET[0m [90m/index.html[0m
[90m21.04.16 09:35:35[0m [36m304[0m [35mGET[0m [90m/css/main.css[0m
[90m21.04.16 09:35:35[0m [36m304[0m [35mGET[0m [90m/vendors/easyeid/easyEID.min.js[0m
[90m21.04.16 09:35:35[0m [36m304[0m [35mGET[0m [90m/js/site-main.js[0m
[90m21.04.16 09:35:35[0m [36m304[0m [35mGET[0m [90m/vendors/jquery.min.js[0m
[90m21.04.16 09:35:35[0m [36m304[0m [35mGET[0m [90m/qrcode.html[0m
[90m21.04.16 09:35:35[0m [36m304[0m [35mGET[0m [90m/vendors/jquery.min.js[0m
[90m21.04.16 09:35:35[0m [36m304[0m [35mGET[0m [90m/css/qrcode_main.css[0m
[90m21.04.16 09:35:35[0m [36m304[0m [35mGET[0m [90m/js/bs_adapter.js[0m
[90m21.04.16 09:35:35[0m [36m304[0m [35mGET[0m [90m/vendors/qrcode.min.js[0m
[90m21.04.16 09:35:35[0m [36m304[0m [35mGET[0m [90m/vendors/axios.min.js[0m
[90m21.04.16 09:35:35[0m [36m304[0m [35mGET[0m [90m/vendors/easyeid/easyEID.min.js[0m
[90m21.04.16 09:35:35[0m [36m304[0m [35mGET[0m [90m/js/eidifr-core.js[0m
[90m21.04.16 09:35:35[0m [32m200[0m [35mGET[0m [90m/favicon.ico[0m
[90m21.04.16 09:35:35[0m [32m200[0m [35mGET[0m [90m/api/auth[0m
[90m21.04.16 09:35:38[0m [32m200[0m [35mPOST[0m [90m/api/check[0m
[90m21.04.16 09:35:41[0m [32m200[0m [35mPOST[0m [90m/api/check[0m
[90m21.04.16 09:35:44[0m [32m200[0m [35mPOST[0m [90m/api/check[0m
[90m21.04.16 09:35:46[0m [32m200[0m [35mPOST[0m [90m/api/check[0m
[90m21.04.16 09:35:48[0m [32m200[0m [35mPOST[0m [90m/api/check[0m
[90m21.04.16 09:35:51[0m [32m200[0m [35mPOST[0m [90m/api/check[0m
[90m21.04.16 09:35:53[0m [32m200[0m [35mPOST[0m [90m/api/check[0m
[90m21.04.16 09:35:56[0m [32m200[0m [35mPOST[0m [90m/api/check[0m
[90m21.04.16 09:35:58[0m [32m200[0m [35mPOST[0m [90m/api/check[0m
[90m21.04.16 09:36:01[0m [32m200[0m [35mPOST[0m [90m/api/check[0m
[90m21.04.16 09:36:03[0m [32m200[0m [35mPOST[0m [90m/api/check[0m
[90m21.04.16 09:36:06[0m [32m200[0m [35mPOST[0m [90m/api/check[0m
[90m21.04.16 09:36:08[0m [32m200[0m [35mPOST[0m [90m/api/check[0m
[90m21.04.16 09:36:11[0m [32m200[0m [35mPOST[0m [90m/api/check[0m
[90m21.04.16 09:36:13[0m [32m200[0m [35mPOST[0m [90m/api/check[0m
[90m21.04.16 09:36:16[0m [32m200[0m [35mPOST[0m [90m/api/check[0m
[90m21.04.16 09:36:18[0m [32m200[0m [35mPOST[0m [90m/api/check[0m
[90m21.04.16 09:36:21[0m [32m200[0m [35mPOST[0m [90m/api/check[0m
[90m21.04.16 09:36:23[0m [32m200[0m [35mPOST[0m [90m/api/check[0m
[90m21.04.16 09:36:26[0m [32m200[0m [35mPOST[0m [90m/api/check[0m
[90m21.04.16 09:36:29[0m [32m200[0m [35mPOST[0m [90m/api/check[0m
[90m21.04.16 09:36:31[0m [32m200[0m [35mPOST[0m [90m/api/check[0m
[90m21.04.16 09:36:33[0m [32m200[0m [35mPOST[0m [90m/api/check[0m
[90m21.04.16 09:36:36[0m [32m200[0m [35mPOST[0m [90m/api/check[0m
[90m21.04.16 09:36:38[0m [32m200[0m [35mPOST[0m [90m/api/check[0m
[90m21.04.16 09:36:41[0m [32m200[0m [35mPOST[0m [90m/api/check[0m
[90m21.04.16 09:36:43[0m [32m200[0m [35mPOST[0m [90m/api/check[0m
[90m21.04.16 09:36:46[0m [32m200[0m [35mPOST[0m [90m/api/check[0m
[90m21.04.16 09:36:48[0m [32m200[0m [35mPOST[0m [90m/api/check[0m
[90m21.04.16 09:36:51[0m [32m200[0m [35mPOST[0m [90m/api/check[0m
[90m21.04.16 09:36:53[0m [32m200[0m [35mPOST[0m [90m/api/check[0m
[90m21.04.16 09:36:56[0m [32m200[0m [35mPOST[0m [90m/api/check[0m
[90m21.04.16 09:36:58[0m [32m200[0m [35mPOST[0m [90m/api/check[0m
[90m21.04.16 09:37:01[0m [32m200[0m [35mPOST[0m [90m/api/check[0m
[90m21.04.16 09:37:01[0m [36m304[0m [35mGET[0m [90m/index.html[0m
[90m21.04.16 09:37:01[0m [36m304[0m [35mGET[0m [90m/vendors/jquery.min.js[0m
[90m21.04.16 09:37:01[0m [36m304[0m [35mGET[0m [90m/css/main.css[0m
[90m21.04.16 09:37:01[0m [36m304[0m [35mGET[0m [90m/js/site-main.js[0m
[90m21.04.16 09:37:01[0m [36m304[0m [35mGET[0m [90m/vendors/easyeid/easyEID.min.js[0m
[90m21.04.16 09:37:02[0m [36m304[0m [35mGET[0m [90m/qrcode.html[0m
[90m21.04.16 09:37:02[0m [36m304[0m [35mGET[0m [90m/css/qrcode_main.css[0m
[90m21.04.16 09:37:02[0m [36m304[0m [35mGET[0m [90m/vendors/jquery.min.js[0m
[90m21.04.16 09:37:02[0m [36m304[0m [35mGET[0m [90m/js/bs_adapter.js[0m
[90m21.04.16 09:37:02[0m [36m304[0m [35mGET[0m [90m/vendors/axios.min.js[0m
[90m21.04.16 09:37:02[0m [36m304[0m [35mGET[0m [90m/vendors/qrcode.min.js[0m
[90m21.04.16 09:37:02[0m [36m304[0m [35mGET[0m [90m/vendors/easyeid/easyEID.min.js[0m
[90m21.04.16 09:37:02[0m [36m304[0m [35mGET[0m [90m/js/eidifr-core.js[0m
[90m21.04.16 09:37:02[0m [32m200[0m [35mGET[0m [90m/favicon.ico[0m
[90m21.04.16 09:37:02[0m [32m200[0m [35mGET[0m [90m/api/auth[0m
[90m21.04.16 09:37:04[0m [36m304[0m [35mGET[0m [90m/index.html[0m
[90m21.04.16 09:37:04[0m [36m304[0m [35mGET[0m [90m/css/main.css[0m
[90m21.04.16 09:37:04[0m [36m304[0m [35mGET[0m [90m/vendors/jquery.min.js[0m
[90m21.04.16 09:37:04[0m [36m304[0m [35mGET[0m [90m/vendors/easyeid/easyEID.min.js[0m
[90m21.04.16 09:37:04[0m [36m304[0m [35mGET[0m [90m/js/site-main.js[0m
[90m21.04.16 09:37:04[0m [36m304[0m [35mGET[0m [90m/qrcode.html[0m
[90m21.04.16 09:37:04[0m [36m304[0m [35mGET[0m [90m/css/qrcode_main.css[0m
[90m21.04.16 09:37:04[0m [36m304[0m [35mGET[0m [90m/vendors/jquery.min.js[0m
[90m21.04.16 09:37:04[0m [36m304[0m [35mGET[0m [90m/js/bs_adapter.js[0m
[90m21.04.16 09:37:04[0m [36m304[0m [35mGET[0m [90m/vendors/axios.min.js[0m
[90m21.04.16 09:37:04[0m [36m304[0m [35mGET[0m [90m/vendors/qrcode.min.js[0m
[90m21.04.16 09:37:04[0m [36m304[0m [35mGET[0m [90m/vendors/easyeid/easyEID.min.js[0m
[90m21.04.16 09:37:04[0m [36m304[0m [35mGET[0m [90m/js/eidifr-core.js[0m
[90m21.04.16 09:37:05[0m [32m200[0m [35mGET[0m [90m/api/auth[0m
[90m21.04.16 09:37:05[0m [32m200[0m [35mGET[0m [90m/favicon.ico[0m
[90m21.04.16 09:37:07[0m [32m200[0m [35mPOST[0m [90m/api/check[0m
[90m21.04.16 09:37:10[0m [32m200[0m [35mPOST[0m [90m/api/check[0m
[90m21.04.16 09:37:12[0m [32m200[0m [35mPOST[0m [90m/api/check[0m
[90m21.04.16 09:37:15[0m [32m200[0m [35mPOST[0m [90m/api/check[0m
[90m21.04.16 09:37:18[0m [32m200[0m [35mPOST[0m [90m/api/check[0m
[90m21.04.16 09:37:20[0m [32m200[0m [35mPOST[0m [90m/api/check[0m
[90m21.04.16 09:37:23[0m [32m200[0m [35mPOST[0m [90m/api/check[0m
[90m21.04.16 09:37:25[0m [32m200[0m [35mPOST[0m [90m/api/check[0m
[90m21.04.16 09:37:27[0m [32m200[0m [35mPOST[0m [90m/api/check[0m
[90m21.04.16 09:37:30[0m [32m200[0m [35mPOST[0m [90m/api/check[0m
[90m21.04.16 09:37:33[0m [32m200[0m [35mPOST[0m [90m/api/check[0m
[90m21.04.16 09:37:35[0m [32m200[0m [35mPOST[0m [90m/api/check[0m
[90m21.04.16 09:37:38[0m [32m200[0m [35mPOST[0m [90m/api/check[0m
[90m21.04.16 09:37:40[0m [32m200[0m [35mPOST[0m [90m/api/check[0m
[90m21.04.16 09:37:43[0m [32m200[0m [35mPOST[0m [90m/api/check[0m
[90m21.04.16 09:37:45[0m [32m200[0m [35mPOST[0m [90m/api/check[0m
[90m21.04.16 09:37:48[0m [32m200[0m [35mPOST[0m [90m/api/check[0m
[90m21.04.16 09:37:50[0m [32m200[0m [35mPOST[0m [90m/api/check[0m
[90m21.04.16 09:37:52[0m [32m200[0m [35mPOST[0m [90m/api/check[0m
[90m21.04.16 09:37:55[0m [32m200[0m [35mPOST[0m [90m/api/check[0m
[90m21.04.16 09:37:58[0m [32m200[0m [35mPOST[0m [90m/api/check[0m
[90m21.04.16 09:38:00[0m [32m200[0m [35mPOST[0m [90m/api/check[0m
[90m21.04.16 09:38:02[0m [32m200[0m [35mPOST[0m [90m/api/check[0m
[90m21.04.16 09:38:05[0m [32m200[0m [35mPOST[0m [90m/api/check[0m
[90m21.04.16 09:38:08[0m [32m200[0m [35mPOST[0m [90m/api/check[0m
[90m21.04.16 09:38:10[0m [32m200[0m [35mPOST[0m [90m/api/check[0m
[90m21.04.16 09:38:12[0m [32m200[0m [35mPOST[0m [90m/api/check[0m
[90m21.04.16 09:38:15[0m [32m200[0m [35mPOST[0m [90m/api/check[0m
[90m21.04.16 09:38:18[0m [32m200[0m [35mPOST[0m [90m/api/check[0m
[90m21.04.16 09:38:20[0m [32m200[0m [35mPOST[0m [90m/api/check[0m
[90m21.04.16 09:38:23[0m [32m200[0m [35mPOST[0m [90m/api/check[0m
[90m21.04.16 09:38:25[0m [32m200[0m [35mPOST[0m [90m/api/check[0m
[90m21.04.16 09:38:27[0m [32m200[0m [35mPOST[0m [90m/api/check[0m
[90m21.04.16 09:38:30[0m [32m200[0m [35mPOST[0m [90m/api/check[0m
[90m21.04.16 09:38:33[0m [32m200[0m [35mPOST[0m [90m/api/check[0m
[90m21.04.16 09:38:35[0m [32m200[0m [35mPOST[0m [90m/api/check[0m
[90m21.04.16 09:38:37[0m [32m200[0m [35mPOST[0m [90m/api/check[0m
[90m21.04.16 09:38:40[0m [32m200[0m [35mPOST[0m [90m/api/check[0m
[90m21.04.16 09:38:43[0m [32m200[0m [35mPOST[0m [90m/api/check[0m
[90m21.04.16 09:38:45[0m [32m200[0m [35mPOST[0m [90m/api/check[0m
[90m21.04.16 09:38:48[0m [32m200[0m [35mPOST[0m [90m/api/check[0m
[90m21.04.16 09:38:50[0m [32m200[0m [35mPOST[0m [90m/api/check[0m
[90m21.04.16 09:38:52[0m [32m200[0m [35mPOST[0m [90m/api/check[0m
[90m21.04.16 09:38:55[0m [32m200[0m [35mPOST[0m [90m/api/check[0m
[90m21.04.16 09:38:58[0m [32m200[0m [35mPOST[0m [90m/api/check[0m
[90m21.04.16 09:39:00[0m [32m200[0m [35mPOST[0m [90m/api/check[0m
[90m21.04.16 09:39:02[0m [32m200[0m [35mPOST[0m [90m/api/check[0m
[90m21.04.16 09:39:05[0m [32m200[0m [35mPOST[0m [90m/api/check[0m
[90m21.04.16 09:39:08[0m [32m200[0m [35mPOST[0m [90m/api/check[0m
[90m21.04.16 09:39:10[0m [32m200[0m [35mPOST[0m [90m/api/check[0m
[90m21.04.16 09:39:12[0m [32m200[0m [35mPOST[0m [90m/api/check[0m
[90m21.04.16 09:39:15[0m [32m200[0m [35mPOST[0m [90m/api/check[0m
[90m21.04.16 09:39:18[0m [32m200[0m [35mPOST[0m [90m/api/check[0m
[90m21.04.16 09:39:20[0m [32m200[0m [35mPOST[0m [90m/api/check[0m
[90m21.04.16 09:39:23[0m [32m200[0m [35mPOST[0m [90m/api/check[0m
[90m21.04.16 09:39:25[0m [32m200[0m [35mPOST[0m [90m/api/check[0m
[90m21.04.16 09:39:28[0m [32m200[0m [35mPOST[0m [90m/api/check[0m
[90m21.04.16 09:39:30[0m [32m200[0m [35mPOST[0m [90m/api/check[0m
[90m21.04.16 09:39:33[0m [32m200[0m [35mPOST[0m [90m/api/check[0m
[90m21.04.16 09:39:35[0m [32m200[0m [35mPOST[0m [90m/api/check[0m
[90m21.04.16 09:39:38[0m [32m200[0m [35mPOST[0m [90m/api/check[0m
[90m21.04.16 09:39:40[0m [32m200[0m [35mPOST[0m [90m/api/check[0m
[90m21.04.16 09:39:42[0m [32m200[0m [35mPOST[0m [90m/api/check[0m
[90m21.04.16 09:39:45[0m [32m200[0m [35mPOST[0m [90m/api/check[0m
[90m21.04.16 09:39:48[0m [32m200[0m [35mPOST[0m [90m/api/check[0m
[90m21.04.16 09:39:50[0m [32m200[0m [35mPOST[0m [90m/api/check[0m
[90m21.04.16 09:39:52[0m [32m200[0m [35mPOST[0m [90m/api/check[0m
[90m21.04.16 09:39:55[0m [32m200[0m [35mPOST[0m [90m/api/check[0m
[90m21.04.16 09:39:58[0m [32m200[0m [35mPOST[0m [90m/api/check[0m
[90m21.04.16 09:40:00[0m [32m200[0m [35mPOST[0m [90m/api/check[0m
[90m21.04.16 09:40:03[0m [32m200[0m [35mPOST[0m [90m/api/check[0m
[90m21.04.16 09:40:05[0m [32m200[0m [35mPOST[0m [90m/api/check[0m
[90m21.04.16 09:40:08[0m [32m200[0m [35mPOST[0m [90m/api/check[0m
[90m21.04.16 09:40:10[0m [32m200[0m [35mPOST[0m [90m/api/check[0m
[90m21.04.16 09:40:12[0m [32m200[0m [35mPOST[0m [90m/api/check[0m
[90m21.04.16 09:40:15[0m [32m200[0m [35mPOST[0m [90m/api/check[0m
[90m21.04.16 09:40:17[0m [32m200[0m [35mPOST[0m [90m/api/check[0m
[90m21.04.16 09:40:20[0m [32m200[0m [35mPOST[0m [90m/api/check[0m
[90m21.04.16 09:40:23[0m [32m200[0m [35mPOST[0m [90m/api/check[0m
[90m21.04.16 09:40:25[0m [32m200[0m [35mPOST[0m [90m/api/check[0m
[90m21.04.16 09:40:28[0m [32m200[0m [35mPOST[0m [90m/api/check[0m
[90m21.04.16 09:40:30[0m [32m200[0m [35mPOST[0m [90m/api/check[0m
[90m21.04.16 09:40:33[0m [32m200[0m [35mPOST[0m [90m/api/check[0m
[90m21.04.16 09:40:35[0m [32m200[0m [35mPOST[0m [90m/api/check[0m
[90m21.04.16 09:40:37[0m [32m200[0m [35mPOST[0m [90m/api/check[0m
[90m21.04.16 09:40:40[0m [32m200[0m [35mPOST[0m [90m/api/check[0m
[90m21.04.16 09:40:42[0m [32m200[0m [35mPOST[0m [90m/api/check[0m
[90m21.04.16 09:40:45[0m [32m200[0m [35mPOST[0m [90m/api/check[0m
[90m21.04.16 09:40:48[0m [32m200[0m [35mPOST[0m [90m/api/check[0m
[90m21.04.16 09:40:50[0m [32m200[0m [35mPOST[0m [90m/api/check[0m
[90m21.04.16 09:40:52[0m [32m200[0m [35mPOST[0m [90m/api/check[0m
[90m21.04.16 09:40:55[0m [32m200[0m [35mPOST[0m [90m/api/check[0m
[90m21.04.16 09:40:58[0m [32m200[0m [35mPOST[0m [90m/api/check[0m
[90m21.04.16 09:41:00[0m [32m200[0m [35mPOST[0m [90m/api/check[0m
[90m21.04.16 09:41:03[0m [32m200[0m [35mPOST[0m [90m/api/check[0m
[90m21.04.16 09:41:05[0m [32m200[0m [35mPOST[0m [90m/api/check[0m
[90m21.04.16 09:41:08[0m [32m200[0m [35mPOST[0m [90m/api/check[0m
[90m21.04.16 09:41:10[0m [32m200[0m [35mPOST[0m [90m/api/check[0m
[90m21.04.16 09:41:12[0m [32m200[0m [35mPOST[0m [90m/api/check[0m
[90m21.04.16 09:41:15[0m [32m200[0m [35mPOST[0m [90m/api/check[0m
[90m21.04.16 09:41:18[0m [32m200[0m [35mPOST[0m [90m/api/check[0m
[90m21.04.16 09:41:20[0m [32m200[0m [35mPOST[0m [90m/api/check[0m
[90m21.04.16 09:41:22[0m [32m200[0m [35mPOST[0m [90m/api/check[0m
[90m21.04.16 09:41:25[0m [32m200[0m [35mPOST[0m [90m/api/check[0m
[90m21.04.16 09:41:28[0m [32m200[0m [35mPOST[0m [90m/api/check[0m
[90m21.04.16 09:41:30[0m [32m200[0m [35mPOST[0m [90m/api/check[0m
[90m21.04.16 09:41:33[0m [32m200[0m [35mPOST[0m [90m/api/check[0m
[90m21.04.16 09:41:35[0m [32m200[0m [35mPOST[0m [90m/api/check[0m
[90m21.04.16 09:41:37[0m [32m200[0m [35mPOST[0m [90m/api/check[0m
[90m21.04.16 09:41:40[0m [32m200[0m [35mPOST[0m [90m/api/check[0m
[90m21.04.16 09:41:43[0m [32m200[0m [35mPOST[0m [90m/api/check[0m
